0 info it worked if it ends with ok
1 verbose cli [ 'C:\\Users\\molli_000\\AppData\\Local\\.meteor\\packages\\meteor-tool\\1.3.2_4\\mt-os.windows.x86_32\\dev_bundle\\bin\\\\node.exe',
1 verbose cli   'C:\\Users\\molli_000\\AppData\\Local\\.meteor\\packages\\meteor-tool\\1.3.2_4\\mt-os.windows.x86_32\\dev_bundle\\lib\\node_modules\\npm\\bin\\npm-cli.js',
1 verbose cli   'install',
1 verbose cli   'ng-image-crop',
1 verbose cli   '--save' ]
2 info using npm@2.14.22
3 info using node@v0.10.43
4 verbose install initial load of C:\Users\molli_000\Documents\GitHub\NeuralNeta1\package.json
5 verbose installManyTop reading scoped package data from C:\Users\molli_000\Documents\GitHub\NeuralNeta1\node_modules\angular\package.json
6 verbose installManyTop reading scoped package data from C:\Users\molli_000\Documents\GitHub\NeuralNeta1\node_modules\angular-meteor\package.json
7 verbose installManyTop reading scoped package data from C:\Users\molli_000\Documents\GitHub\NeuralNeta1\node_modules\angular-ui-router\package.json
8 verbose installManyTop reading scoped package data from C:\Users\molli_000\Documents\GitHub\NeuralNeta1\node_modules\gm\package.json
9 verbose installManyTop reading scoped package data from C:\Users\molli_000\Documents\GitHub\NeuralNeta1\node_modules\ng-file-upload\package.json
10 info package.json angular-meteor@1.3.10 No repository field.
11 verbose readDependencies loading dependencies from C:\Users\molli_000\Documents\GitHub\NeuralNeta1\package.json
12 silly cache add args [ 'ng-image-crop', null ]
13 verbose cache add spec ng-image-crop
14 silly cache add parsed spec { raw: 'ng-image-crop',
14 silly cache add   scope: null,
14 silly cache add   name: 'ng-image-crop',
14 silly cache add   rawSpec: '',
14 silly cache add   spec: 'latest',
14 silly cache add   type: 'tag' }
15 silly addNamed ng-image-crop@latest
16 verbose addNamed "latest" is being treated as a dist-tag for ng-image-crop
17 info addNameTag [ 'ng-image-crop', 'latest' ]
18 silly mapToRegistry name ng-image-crop
19 silly mapToRegistry using default registry
20 silly mapToRegistry registry https://registry.npmjs.org/
21 silly mapToRegistry uri https://registry.npmjs.org/ng-image-crop
22 verbose addNameTag registry:https://registry.npmjs.org/ng-image-crop not in flight; fetching
23 verbose request uri https://registry.npmjs.org/ng-image-crop
24 verbose request no auth needed
25 info attempt registry request try #1 at 12:19:18
26 verbose request id adc527d645a2b704
27 http request GET https://registry.npmjs.org/ng-image-crop
28 http 404 https://registry.npmjs.org/ng-image-crop
29 verbose headers { 'content-type': 'application/json',
29 verbose headers   'cache-control': 'max-age=0',
29 verbose headers   'content-length': '2',
29 verbose headers   'accept-ranges': 'bytes',
29 verbose headers   date: 'Sat, 23 Apr 2016 19:19:26 GMT',
29 verbose headers   via: '1.1 varnish',
29 verbose headers   age: '0',
29 verbose headers   connection: 'keep-alive',
29 verbose headers   'x-served-by': 'cache-sjc3133-SJC',
29 verbose headers   'x-cache': 'MISS',
29 verbose headers   'x-cache-hits': '0',
29 verbose headers   'x-timer': 'S1461439166.540771,VS0,VE350',
29 verbose headers   vary: 'Accept-Encoding' }
30 silly get cb [ 404,
30 silly get   { 'content-type': 'application/json',
30 silly get     'cache-control': 'max-age=0',
30 silly get     'content-length': '2',
30 silly get     'accept-ranges': 'bytes',
30 silly get     date: 'Sat, 23 Apr 2016 19:19:26 GMT',
30 silly get     via: '1.1 varnish',
30 silly get     age: '0',
30 silly get     connection: 'keep-alive',
30 silly get     'x-served-by': 'cache-sjc3133-SJC',
30 silly get     'x-cache': 'MISS',
30 silly get     'x-cache-hits': '0',
30 silly get     'x-timer': 'S1461439166.540771,VS0,VE350',
30 silly get     vary: 'Accept-Encoding' } ]
31 verbose stack Error: Registry returned 404 for GET on https://registry.npmjs.org/ng-image-crop
31 verbose stack     at makeError (C:\Users\molli_000\AppData\Local\.meteor\packages\meteor-tool\1.3.2_4\mt-os.windows.x86_32\dev_bundle\lib\node_modules\npm\node_modules\npm-registry-client\lib\request.js:264:12)
31 verbose stack     at CachingRegistryClient.<anonymous> (C:\Users\molli_000\AppData\Local\.meteor\packages\meteor-tool\1.3.2_4\mt-os.windows.x86_32\dev_bundle\lib\node_modules\npm\node_modules\npm-registry-client\lib\request.js:242:14)
31 verbose stack     at Request._callback (C:\Users\molli_000\AppData\Local\.meteor\packages\meteor-tool\1.3.2_4\mt-os.windows.x86_32\dev_bundle\lib\node_modules\npm\node_modules\npm-registry-client\lib\request.js:172:14)
31 verbose stack     at Request.self.callback (C:\Users\molli_000\AppData\Local\.meteor\packages\meteor-tool\1.3.2_4\mt-os.windows.x86_32\dev_bundle\lib\node_modules\npm\node_modules\request\request.js:199:22)
31 verbose stack     at Request.emit (events.js:98:17)
31 verbose stack     at Request.<anonymous> (C:\Users\molli_000\AppData\Local\.meteor\packages\meteor-tool\1.3.2_4\mt-os.windows.x86_32\dev_bundle\lib\node_modules\npm\node_modules\request\request.js:1036:10)
31 verbose stack     at Request.emit (events.js:117:20)
31 verbose stack     at IncomingMessage.<anonymous> (C:\Users\molli_000\AppData\Local\.meteor\packages\meteor-tool\1.3.2_4\mt-os.windows.x86_32\dev_bundle\lib\node_modules\npm\node_modules\request\request.js:963:12)
31 verbose stack     at IncomingMessage.emit (events.js:117:20)
31 verbose stack     at _stream_readable.js:944:16
32 verbose statusCode 404
33 verbose pkgid ng-image-crop
34 verbose cwd C:\Users\molli_000\Documents\GitHub\NeuralNeta1
35 error Windows_NT 10.0.10586
36 error argv "C:\\Users\\molli_000\\AppData\\Local\\.meteor\\packages\\meteor-tool\\1.3.2_4\\mt-os.windows.x86_32\\dev_bundle\\bin\\\\node.exe" "C:\\Users\\molli_000\\AppData\\Local\\.meteor\\packages\\meteor-tool\\1.3.2_4\\mt-os.windows.x86_32\\dev_bundle\\lib\\node_modules\\npm\\bin\\npm-cli.js" "install" "ng-image-crop" "--save"
37 error node v0.10.43
38 error npm  v2.14.22
39 error code E404
40 error 404 Registry returned 404 for GET on https://registry.npmjs.org/ng-image-crop
40 error 404
40 error 404 'ng-image-crop' is not in the npm registry.
40 error 404 You should bug the author to publish it (or use the name yourself!)
40 error 404 It was specified as a dependency of 'NeuralNeta1'
40 error 404
40 error 404 Note that you can also install from a
40 error 404 tarball, folder, http url, or git url.
41 verbose exit [ 1, true ]
